<?xml version="1.0" encoding="UTF-8"?>
<!-- Generated by org.testng.reporters.JUnitReportReporter -->
<testsuite hostname="Noman" failures="0" tests="2" name="JavaAutomation.First.Lect8New4" time="0.003" errors="0" timestamp="2023-12-01T22:34:17 PKT" skipped="0">
  <testcase classname="JavaAutomation.First.Lect8New4" name="group1" time="0.001"/>
  <system-out/>
  <testcase classname="JavaAutomation.First.Lect8New4" name="group2" time="0.002"/>
  <system-out/>
</testsuite> <!-- JavaAutomation.First.Lect8New4 -->
