<?xml version="1.0" encoding="UTF-8"?>
<!-- Generated by org.testng.reporters.JUnitReportReporter -->
<testsuite hostname="Noman" failures="0" tests="2" name="JavaAutomation.First.TestNG_Annotations2" time="0.012" errors="0" timestamp="2023-11-29T21:33:01 PKT" skipped="0">
  <testcase classname="JavaAutomation.First.TestNG_Annotations2" name="test6" time="0.011"/>
  <system-out/>
  <testcase classname="JavaAutomation.First.TestNG_Annotations2" name="test7" time="0.001"/>
  <system-out/>
</testsuite> <!-- JavaAutomation.First.TestNG_Annotations2 -->
