<?xml version="1.0" encoding="UTF-8"?>
<!-- Generated by org.testng.reporters.JUnitReportReporter -->
<testsuite hostname="Noman" failures="0" tests="4" name="JavaAutomation.First.Lect8New1" time="0.020" errors="0" timestamp="2023-12-01T22:34:17 PKT" skipped="0">
  <testcase classname="JavaAutomation.First.Lect8New1" name="test3" time="0.002"/>
  <system-out/>
  <testcase classname="JavaAutomation.First.Lect8New1" name="test1" time="0.003"/>
  <system-out/>
  <testcase classname="JavaAutomation.First.Lect8New1" name="test" time="0.013"/>
  <system-out/>
  <testcase classname="JavaAutomation.First.Lect8New1" name="test2" time="0.002"/>
  <system-out/>
</testsuite> <!-- JavaAutomation.First.Lect8New1 -->
