<?xml version="1.0" encoding="UTF-8"?>
<!-- Generated by org.testng.reporters.JUnitReportReporter -->
<testsuite hostname="Noman" failures="0" tests="2" name="JavaAutomation.First.TestNG_Annotations" time="0.008" errors="0" timestamp="2023-11-29T18:09:03 PKT" skipped="0">
  <testcase classname="JavaAutomation.First.TestNG_Annotations" name="test2" time="0.007"/>
  <system-out/>
  <testcase classname="JavaAutomation.First.TestNG_Annotations" name="test3" time="0.001"/>
  <system-out/>
</testsuite> <!-- JavaAutomation.First.TestNG_Annotations -->
