<?xml version="1.0" encoding="UTF-8"?>
<!-- Generated by org.testng.reporters.JUnitReportReporter -->
<testsuite hostname="Noman" failures="0" tests="1" name="JavaAutomation.First.Telepsych_Cases_Create" time="34.581" errors="0" timestamp="2023-12-07T19:45:18 PKT" skipped="0">
  <testcase classname="JavaAutomation.First.Telepsych_Cases_Create" name="login" time="34.581"/>
  <system-out/>
</testsuite> <!-- JavaAutomation.First.Telepsych_Cases_Create -->
