<?xml version="1.0" encoding="UTF-8"?>
<!-- Generated by org.testng.reporters.JUnitReportReporter -->
<testsuite hostname="Noman" failures="0" tests="2" name="JavaAutomation.First.TestNG_Annotations4" time="0.002" errors="0" timestamp="2023-11-29T18:09:03 PKT" skipped="0">
  <testcase classname="JavaAutomation.First.TestNG_Annotations4" name="test14" time="0.001"/>
  <system-out/>
  <testcase classname="JavaAutomation.First.TestNG_Annotations4" name="test15" time="0.001"/>
  <system-out/>
</testsuite> <!-- JavaAutomation.First.TestNG_Annotations4 -->
